build/app/outputs/logs/manifest-merger-debug-report.txt
-- Merging decision tree log ---
manifest
ADDED from src\main\AndroidManifest.xml:1:1-48:12
INJECTED from src\main\AndroidManifest.xml:1:1-48:12
INJECTED from src\main\AndroidManifest.xml:1:1-48:12
INJECTED from src\main\AndroidManifest.xml:1:1-48:12
MERGED from src\main\AndroidManifest.xml:1:1-48:12
MERGED from [:flutter_pdfview] AndroidManifest.xml:2:1-7:12
MERGED from [:file_picker] AndroidManifest.xml:2:1-9:12
MERGED from [:flutter_plugin_android_lifecycle] AndroidManifest.xml:2:1-7:12
MERGED from [:cloud_firestore] AndroidManifest.xml:2:1-15:12
MERGED from [:flutter_local_notifications] AndroidManifest.xml:2:1-7:12
MERGED from [:google_sign_in] AndroidManifest.xml:2:1-9:12
MERGED from [:firebase_auth] AndroidManifest.xml:2:1-15:12
MERGED from [:firebase_database] AndroidManifest.xml:2:1-15:12
MERGED from [:firebase_storage] AndroidManifest.xml:2:1-15:12
MERGED from [:cloud_firestore_web] AndroidManifest.xml:2:1-7:12
MERGED from [:firebase_admob] AndroidManifest.xml:2:1-9:12
MERGED from [:firebase_core] AndroidManifest.xml:2:1-15:12
MERGED from [:firebase_core_web] AndroidManifest.xml:2:1-7:12
MERGED from [:firebase_auth_web] AndroidManifest.xml:2:1-7:12
MERGED from [:shared_preferences] AndroidManifest.xml:2:1-7:12
MERGED from [:firebase_messaging] AndroidManifest.xml:2:1-20:12
MERGED from [:webview_flutter] AndroidManifest.xml:2:1-7:12
MERGED from [:url_launcher] AndroidManifest.xml:2:1-14:12
MERGED from [:url_launcher_macos] AndroidManifest.xml:2:1-7:12
MERGED from [:shared_preferences_macos] AndroidManifest.xml:2:1-7:12
MERGED from [:shared_preferences_web] AndroidManifest.xml:2:1-7:12
MERGED from [:url_launcher_web] AndroidManifest.xml:2:1-7:12
MERGED from [:fluttertoast] AndroidManifest.xml:2:1-7:12
MERGED from [:google_sign_in_web] AndroidManifest.xml:2:1-7:12
MERGED from [:path_provider] AndroidManifest.xml:2:1-7:12
MERGED from [com.google.firebase:firebase-messaging:20.2.3] AndroidManifest.xml:17:1-45:12
MERGED from [com.google.firebase:firebase-ads:18.1.1] AndroidManifest.xml:2:1-9:12
MERGED from [com.google.firebase:firebase-analytics:17.4.4] AndroidManifest.xml:2:1-9:12
MERGED from [com.google.firebase:firebase-crashlytics:17.1.1] AndroidManifest.xml:2:1-22:12
MERGED from [com.google.android.gms:play-services-ads:19.2.0] AndroidManifest.xml:17:1-25:12
MERGED from [com.google.firebase:firebase-iid:20.2.3] AndroidManifest.xml:17:1-47:12
MERGED from [com.google.android.gms:play-services-measurement:17.4.4] AndroidManifest.xml:17:1-46:12
MERGED from [com.google.android.gms:play-services-measurement-api:17.4.4] AndroidManifest.xml:17:1-36:12
MERGED from [com.google.android.gms:play-services-measurement-sdk:17.4.4] AndroidManifest.xml:17:1-25:12
MERGED from [com.google.android.gms:play-services-measurement-impl:17.4.4] AndroidManifest.xml:17:1-31:12
MERGED from [com.google.android.gms:play-services-stats:17.0.0] AndroidManifest.xml:2:1-9:12
MERGED from [com.google.firebase:firebase-datatransport:17.0.3] AndroidManifest.xml:15:1-34:12
MERGED from [com.google.firebase:firebase-installations:16.3.2] AndroidManifest.xml:2:1-23:12
MERGED from [com.google.firebase:firebase-firestore:21.3.0] AndroidManifest.xml:2:1-26:12
MERGED from [com.google.firebase:firebase-auth:19.2.0] AndroidManifest.xml:17:1-42:12
MERGED from [com.google.firebase:firebase-database:17.0.0] AndroidManifest.xml:15:1-36:12
MERGED from [com.google.firebase:firebase-storage:17.0.0] AndroidManifest.xml:15:1-37:12
MERGED from [com.google.firebase:firebase-auth-interop:19.0.0] AndroidManifest.xml:2:1-10:12
MERGED from [com.google.firebase:firebase-common:19.3.0] AndroidManifest.xml:15:1-39:12
MERGED from [com.google.firebase:firebase-installations-interop:16.0.0] AndroidManifest.xml:15:1-23:12
MERGED from [com.google.android.gms:play-services-gass:19.2.0] AndroidManifest.xml:2:1-9:12
MERGED from [com.google.android.gms:play-services-auth:16.0.1] AndroidManifest.xml:17:1-39:12
MERGED from [com.google.android.gms:play-services-auth-api-phone:16.0.0] AndroidManifest.xml:2:1-7:12
MERGED from [com.google.android.gms:play-services-auth-base:16.0.0] AndroidManifest.xml:2:1-7:12
MERGED from [com.google.firebase:firebase-iid-interop:17.0.0] AndroidManifest.xml:2:1-10:12
MERGED from [com.google.android.gms:play-services-base:17.1.0] AndroidManifest.xml:17:1-29:12
MERGED from [com.google.android.gms:play-services-tasks:17.0.0] AndroidManifest.xml:2:1-9:12
MERGED from [com.google.firebase:firebase-measurement-connector:18.0.0] AndroidManifest.xml:17:1-25:12
MERGED from [com.google.android.gms:play-services-ads-identifier:17.0.0] AndroidManifest.xml:17:1-24:12
MERGED from [com.google.android.gms:play-services-ads-lite:19.2.0] AndroidManifest.xml:17:1-42:12
MERGED from [com.google.android.gms:play-services-measurement-sdk-api:17.4.4] AndroidManifest.xml:17:1-27:12
MERGED from [com.google.android.gms:play-services-measurement-base:17.4.4] AndroidManifest.xml:2:1-9:12
MERGED from [com.google.android.gms:play-services-basement:17.0.0] AndroidManifest.xml:17:1-28:12
MERGED from [com.github.barteksc:android-pdf-viewer:3.1.0-beta.1] AndroidManifest.xml:2:1-11:12
MERGED from [com.github.barteksc:pdfium-android:1.9.0] AndroidManifest.xml:2:1-11:12
MERGED from [androidx.legacy:legacy-support-v4:1.0.0] AndroidManifest.xml:17:1-22:12
MERGED from [androidx.fragment:fragment:1.1.0] AndroidManifest.xml:17:1-24:12
MERGED from [androidx.browser:browser:1.0.0] AndroidManifest.xml:17:1-22:12
MERGED from [androidx.media:media:1.1.0] AndroidManifest.xml:17:1-24:12
MERGED from [androidx.webkit:webkit:1.0.0] AndroidManifest.xml:17:1-22:12
MERGED from [androidx.legacy:legacy-support-core-ui:1.0.0] AndroidManifest.xml:17:1-22:12
MERGED from [androidx.viewpager:viewpager:1.0.0] AndroidManifest.xml:17:1-22:12
MERGED from [androidx.legacy:legacy-support-core-utils:1.0.0] AndroidManifest.xml:17:1-22:12
MERGED from [androidx.loader:loader:1.0.0] AndroidManifest.xml:17:1-22:12
MERGED from [androidx.activity:activity:1.0.0] AndroidManifest.xml:17:1-24:12
MERGED from [androidx.coordinatorlayout:coordinatorlayout:1.0.0] AndroidManifest.xml:17:1-22:12
MERGED from [androidx.drawerlayout:drawerlayout:1.0.0] AndroidManifest.xml:17:1-22:12
MERGED from [androidx.slidingpanelayout:slidingpanelayout:1.0.0] AndroidManifest.xml:17:1-22:12
MERGED from [androidx.customview:customview:1.0.0] AndroidManifest.xml:17:1-22:12
MERGED from [androidx.swiperefreshlayout:swiperefreshlayout:1.0.0] AndroidManifest.xml:17:1-22:12
MERGED from [androidx.asynclayoutinflater:asynclayoutinflater:1.0.0] AndroidManifest.xml:17:1-22:12
MERGED from [androidx.core:core:1.2.0] AndroidManifest.xml:17:1-26:12
MERGED from [androidx.lifecycle:lifecycle-runtime:2.2.0] AndroidManifest.xml:17:1-24:12
MERGED from [androidx.savedstate:savedstate:1.0.0] AndroidManifest.xml:17:1-24:12
MERGED from [androidx.lifecycle:lifecycle-livedata:2.0.0] AndroidManifest.xml:17:1-22:12
MERGED from [androidx.lifecycle:lifecycle-livedata-core:2.0.0] AndroidManifest.xml:17:1-22:12
MERGED from [com.google.firebase:firebase-components:16.0.0] AndroidManifest.xml:15:1-23:12
MERGED from [com.google.android.datatransport:transport-backend-cct:2.3.0] AndroidManifest.xml:15:1-38:12
MERGED from [com.google.android.datatransport:transport-runtime:2.2.3] AndroidManifest.xml:15:1-41:12
MERGED from [com.google.firebase:firebase-encoders-json:16.1.0] AndroidManifest.xml:15:1-23:12
MERGED from [androidx.localbroadcastmanager:localbroadcastmanager:1.0.0] AndroidManifest.xml:17:1-22:12
MERGED from [androidx.arch.core:core-runtime:2.0.0] AndroidManifest.xml:17:1-22:12
MERGED from [androidx.versionedparcelable:versionedparcelable:1.1.0] AndroidManifest.xml:17:1-27:12
MERGED from [androidx.interpolator:interpolator:1.0.0] AndroidManifest.xml:17:1-22:12
MERGED from [androidx.lifecycle:lifecycle-viewmodel:2.1.0] AndroidManifest.xml:17:1-22:12
MERGED from [androidx.documentfile:documentfile:1.0.0] AndroidManifest.xml:17:1-22:12
MERGED from [androidx.print:print:1.0.0] AndroidManifest.xml:17:1-22:12
MERGED from [androidx.cursoradapter:cursoradapter:1.0.0] AndroidManifest.xml:17:1-22:12
MERGED from [com.google.android.datatransport:transport-api:2.2.0] AndroidManifest.xml:15:1-22:12
MERGED from [com.google.android.gms:play-services-ads-base:19.2.0] AndroidManifest.xml:2:1-9:12
MERGED from [io.grpc:grpc-android:1.21.0] AndroidManifest.xml:2:1-13:12
MERGED from [com.google.firebase:firebase-database-collection:17.0.0] AndroidManifest.xml:2:1-7:12
MERGED from [com.google.firebase:protolite-well-known-types:17.0.0] AndroidManifest.xml:2:1-11:12
INJECTED from src\debug\AndroidManifest.xml:1:1-6:12
INJECTED from src\debug\AndroidManifest.xml:1:1-6:12
INJECTED from src\debug\AndroidManifest.xml:1:1-6:12
	package
		ADDED from src\main\AndroidManifest.xml:2:5-44
		INJECTED from src\main\AndroidManifest.xml
		INJECTED from src\debug\AndroidManifest.xml
	android:versionName
		INJECTED from src\main\AndroidManifest.xml
		ADDED from src\main\AndroidManifest.xml:1:1-48:12
		INJECTED from src\debug\AndroidManifest.xml
	android:versionCode
		INJECTED from src\main\AndroidManifest.xml
		ADDED from src\main\AndroidManifest.xml:1:1-48:12
		INJECTED from src\debug\AndroidManifest.xml
	xmlns:android
		ADDED from src\main\AndroidManifest.xml:1:11-69
uses-permission#android.permission.INTERNET
ADDED from src\main\AndroidManifest.xml:3:5-66
MERGED from [:google_sign_in] AndroidManifest.xml:7:5-67
MERGED from [:google_sign_in] AndroidManifest.xml:7:5-67
MERGED from [:firebase_admob] AndroidManifest.xml:7:5-67
MERGED from [:firebase_admob] AndroidManifest.xml:7:5-67
MERGED from [com.google.firebase:firebase-crashlytics:17.1.1] AndroidManifest.xml:10:5-67
MERGED from [com.google.firebase:firebase-crashlytics:17.1.1] AndroidManifest.xml:10:5-67
MERGED from [com.google.firebase:firebase-iid:20.2.3] AndroidManifest.xml:23:5-67
MERGED from [com.google.firebase:firebase-iid:20.2.3] AndroidManifest.xml:23:5-67
MERGED from [com.google.android.gms:play-services-measurement:17.4.4] AndroidManifest.xml:23:5-67
MERGED from [com.google.android.gms:play-services-measurement:17.4.4] AndroidManifest.xml:23:5-67
MERGED from [com.google.android.gms:play-services-measurement-api:17.4.4] AndroidManifest.xml:22:5-67
MERGED from [com.google.android.gms:play-services-measurement-api:17.4.4] AndroidManifest.xml:22:5-67
MERGED from [com.google.android.gms:play-services-measurement-impl:17.4.4] AndroidManifest.xml:23:5-67
MERGED from [com.google.android.gms:play-services-measurement-impl:17.4.4] AndroidManifest.xml:23:5-67
MERGED from [com.google.firebase:firebase-installations:16.3.2] AndroidManifest.xml:11:5-67
MERGED from [com.google.firebase:firebase-installations:16.3.2] AndroidManifest.xml:11:5-67
MERGED from [com.google.firebase:firebase-firestore:21.3.0] AndroidManifest.xml:14:5-67
MERGED from [com.google.firebase:firebase-firestore:21.3.0] AndroidManifest.xml:14:5-67
MERGED from [com.google.firebase:firebase-database:17.0.0] AndroidManifest.xml:26:5-67
MERGED from [com.google.firebase:firebase-database:17.0.0] AndroidManifest.xml:26:5-67
MERGED from [com.google.firebase:firebase-storage:17.0.0] AndroidManifest.xml:27:5-67
MERGED from [com.google.firebase:firebase-storage:17.0.0] AndroidManifest.xml:27:5-67
MERGED from [com.google.android.gms:play-services-ads-lite:19.2.0] AndroidManifest.xml:23:5-67
MERGED from [com.google.android.gms:play-services-ads-lite:19.2.0] AndroidManifest.xml:23:5-67
MERGED from [com.google.android.gms:play-services-measurement-sdk-api:17.4.4] AndroidManifest.xml:23:5-67
MERGED from [com.google.android.gms:play-services-measurement-sdk-api:17.4.4] AndroidManifest.xml:23:5-67
MERGED from [com.google.android.datatransport:transport-backend-cct:2.3.0] AndroidManifest.xml:26:5-67
MERGED from [com.google.android.datatransport:transport-backend-cct:2.3.0] AndroidManifest.xml:26:5-67
	android:name
		ADDED from src\main\AndroidManifest.xml:3:22-64
uses-permission#android.permission.RECEIVE_BOOT_COMPLETED
ADDED from src\main\AndroidManifest.xml:4:5-80
	android:name
		ADDED from src\main\AndroidManifest.xml:4:22-78
uses-permission#android.permission.VIBRATE
ADDED from src\main\AndroidManifest.xml:5:5-66
	android:name
		ADDED from src\main\AndroidManifest.xml:5:22-63
application
ADDED from src\main\AndroidManifest.xml:12:5-47:19
MERGED from [:cloud_firestore] AndroidManifest.xml:7:5-13:19
MERGED from [:cloud_firestore] AndroidManifest.xml:7:5-13:19
MERGED from [:firebase_auth] AndroidManifest.xml:7:5-13:19
MERGED from [:firebase_auth] AndroidManifest.xml:7:5-13:19
MERGED from [:firebase_database] AndroidManifest.xml:7:5-13:19
MERGED from [:firebase_database] AndroidManifest.xml:7:5-13:19
MERGED from [:firebase_storage] AndroidManifest.xml:7:5-13:19
MERGED from [:firebase_storage] AndroidManifest.xml:7:5-13:19
MERGED from [:firebase_core] AndroidManifest.xml:7:5-13:19
MERGED from [:firebase_core] AndroidManifest.xml:7:5-13:19
MERGED from [:firebase_messaging] AndroidManifest.xml:7:5-18:19
MERGED from [:firebase_messaging] AndroidManifest.xml:7:5-18:19
MERGED from [:url_launcher] AndroidManifest.xml:7:5-12:19
MERGED from [:url_launcher] AndroidManifest.xml:7:5-12:19
MERGED from [com.google.firebase:firebase-messaging:20.2.3] AndroidManifest.xml:22:5-43:19
MERGED from [com.google.firebase:firebase-messaging:20.2.3] AndroidManifest.xml:22:5-43:19
MERGED from [com.google.firebase:firebase-ads:18.1.1] AndroidManifest.xml:7:5-20
MERGED from [com.google.firebase:firebase-ads:18.1.1] AndroidManifest.xml:7:5-20
MERGED from [com.google.firebase:firebase-analytics:17.4.4] AndroidManifest.xml:7:5-20
MERGED from [com.google.firebase:firebase-analytics:17.4.4] AndroidManifest.xml:7:5-20
MERGED from [com.google.firebase:firebase-crashlytics:17.1.1] AndroidManifest.xml:12:5-20:19
MERGED from [com.google.firebase:firebase-crashlytics:17.1.1] AndroidManifest.xml:12:5-20:19
MERGED from [com.google.firebase:firebase-iid:20.2.3] AndroidManifest.xml:28:5-45:19
MERGED from [com.google.firebase:firebase-iid:20.2.3] AndroidManifest.xml:28:5-45:19
MERGED from [com.google.android.gms:play-services-measurement:17.4.4] AndroidManifest.xml:28:5-44:19
MERGED from [com.google.android.gms:play-services-measurement:17.4.4] AndroidManifest.xml:28:5-44:19
MERGED from [com.google.android.gms:play-services-measurement-api:17.4.4] AndroidManifest.xml:26:5-34:19
MERGED from [com.google.android.gms:play-services-measurement-api:17.4.4] AndroidManifest.xml:26:5-34:19
MERGED from [com.google.android.gms:play-services-measurement-sdk:17.4.4] AndroidManifest.xml:22:5-23:19
MERGED from [com.google.android.gms:play-services-measurement-sdk:17.4.4] AndroidManifest.xml:22:5-23:19
MERGED from [com.google.android.gms:play-services-measurement-impl:17.4.4] AndroidManifest.xml:28:5-29:19
MERGED from [com.google.android.gms:play-services-measurement-impl:17.4.4] AndroidManifest.xml:28:5-29:19
MERGED from [com.google.android.gms:play-services-stats:17.0.0] AndroidManifest.xml:7:5-20
MERGED from [com.google.android.gms:play-services-stats:17.0.0] AndroidManifest.xml:7:5-20
MERGED from [com.google.firebase:firebase-datatransport:17.0.3] AndroidManifest.xml:24:5-32:19
MERGED from [com.google.firebase:firebase-datatransport:17.0.3] AndroidManifest.xml:24:5-32:19
MERGED from [com.google.firebase:firebase-installations:16.3.2] AndroidManifest.xml:13:5-21:19
MERGED from [com.google.firebase:firebase-installations:16.3.2] AndroidManifest.xml:13:5-21:19
MERGED from [com.google.firebase:firebase-firestore:21.3.0] AndroidManifest.xml:16:5-24:19
MERGED from [com.google.firebase:firebase-firestore:21.3.0] AndroidManifest.xml:16:5-24:19
MERGED from [com.google.firebase:firebase-auth:19.2.0] AndroidManifest.xml:23:5-40:19
MERGED from [com.google.firebase:firebase-auth:19.2.0] AndroidManifest.xml:23:5-40:19
MERGED from [com.google.firebase:firebase-database:17.0.0] AndroidManifest.xml:28:5-34:19
MERGED from [com.google.firebase:firebase-database:17.0.0] AndroidManifest.xml:28:5-34:19
MERGED from [com.google.firebase:firebase-storage:17.0.0] AndroidManifest.xml:29:5-35:19
MERGED from [com.google.firebase:firebase-storage:17.0.0] AndroidManifest.xml:29:5-35:19
MERGED from [com.google.firebase:firebase-auth-interop:19.0.0] AndroidManifest.xml:7:5-8:19
MERGED from [com.google.firebase:firebase-auth-interop:19.0.0] AndroidManifest.xml:7:5-8:19
MERGED from [com.google.firebase:firebase-common:19.3.0] AndroidManifest.xml:25:5-37:19
MERGED from [com.google.firebase:firebase-common:19.3.0] AndroidManifest.xml:25:5-37:19
MERGED from [com.google.android.gms:play-services-gass:19.2.0] AndroidManifest.xml:7:5-20
MERGED from [com.google.android.gms:play-services-gass:19.2.0] AndroidManifest.xml:7:5-20
MERGED from [com.google.android.gms:play-services-auth:16.0.1] AndroidManifest.xml:22:5-37:19
MERGED from [com.google.android.gms:play-services-auth:16.0.1] AndroidManifest.xml:22:5-37:19
MERGED from [com.google.firebase:firebase-iid-interop:17.0.0] AndroidManifest.xml:7:5-8:19
MERGED from [com.google.firebase:firebase-iid-interop:17.0.0] AndroidManifest.xml:7:5-8:19
MERGED from [com.google.android.gms:play-services-base:17.1.0] AndroidManifest.xml:22:5-27:19
MERGED from [com.google.android.gms:play-services-base:17.1.0] AndroidManifest.xml:22:5-27:19
MERGED from [com.google.android.gms:play-services-tasks:17.0.0] AndroidManifest.xml:7:5-20
MERGED from [com.google.android.gms:play-services-tasks:17.0.0] AndroidManifest.xml:7:5-20
MERGED from [com.google.firebase:firebase-measurement-connector:18.0.0] AndroidManifest.xml:22:5-23:19
MERGED from [com.google.firebase:firebase-measurement-connector:18.0.0] AndroidManifest.xml:22:5-23:19
MERGED from [com.google.android.gms:play-services-ads-identifier:17.0.0] AndroidManifest.xml:22:5-20
MERGED from [com.google.android.gms:play-services-ads-identifier:17.0.0] AndroidManifest.xml:22:5-20
MERGED from [com.google.android.gms:play-services-ads-lite:19.2.0] AndroidManifest.xml:26:5-40:19
MERGED from [com.google.android.gms:play-services-ads-lite:19.2.0] AndroidManifest.xml:26:5-40:19
MERGED from [com.google.android.gms:play-services-measurement-base:17.4.4] AndroidManifest.xml:7:5-20
MERGED from [com.google.android.gms:play-services-measurement-base:17.4.4] AndroidManifest.xml:7:5-20
MERGED from [com.google.android.gms:play-services-basement:17.0.0] AndroidManifest.xml:22:5-26:19
MERGED from [com.google.android.gms:play-services-basement:17.0.0] AndroidManifest.xml:22:5-26:19
MERGED from [androidx.core:core:1.2.0] AndroidManifest.xml:24:5-89
MERGED from [androidx.core:core:1.2.0] AndroidManifest.xml:24:5-89
MERGED from [com.google.android.datatransport:transport-backend-cct:2.3.0] AndroidManifest.xml:28:5-36:19
MERGED from [com.google.android.datatransport:transport-backend-cct:2.3.0] AndroidManifest.xml:28:5-36:19
MERGED from [com.google.android.datatransport:transport-runtime:2.2.3] AndroidManifest.xml:25:5-39:19
MERGED from [com.google.android.datatransport:transport-runtime:2.2.3] AndroidManifest.xml:25:5-39:19
MERGED from [androidx.versionedparcelable:versionedparcelable:1.1.0] AndroidManifest.xml:24:5-25:19
MERGED from [androidx.versionedparcelable:versionedparcelable:1.1.0] AndroidManifest.xml:24:5-25:19
MERGED from [com.google.android.gms:play-services-ads-base:19.2.0] AndroidManifest.xml:7:5-20
MERGED from [com.google.android.gms:play-services-ads-base:19.2.0] AndroidManifest.xml:7:5-20
	android:appComponentFactory
		ADDED from [androidx.core:core:1.2.0] AndroidManifest.xml:24:18-86
	android:label
		ADDED from src\main\AndroidManifest.xml:14:9-41
	android:fullBackupContent
		ADDED from src\main\AndroidManifest.xml:16:9-59
	android:icon
		ADDED from src\main\AndroidManifest.xml:15:9-44
	android:name
		ADDED from src\main\AndroidManifest.xml:13:9-36
activity#com.unifiedsolutions.reminder.MainActivity
ADDED from src\main\AndroidManifest.xml:17:9-32:20
	android:launchMode
		ADDED from src\main\AndroidManifest.xml:19:13-43
	android:hardwareAccelerated
		ADDED from src\main\AndroidManifest.xml:22:13-47
	android:windowSoftInputMode
		ADDED from src\main\AndroidManifest.xml:23:13-55
	android:configChanges
		ADDED from src\main\AndroidManifest.xml:21:13-163
	android:theme
		ADDED from src\main\AndroidManifest.xml:20:13-47
	android:name
		ADDED from src\main\AndroidManifest.xml:18:13-41
intent-filter#action:name:FLUTTER_NOTIFICATION_CLICK+category:name:android.intent.category.DEFAULT
ADDED from src\main\AndroidManifest.xml:24:13-27:29
action#FLUTTER_NOTIFICATION_CLICK
ADDED from src\main\AndroidManifest.xml:25:17-69
	android:name
		ADDED from src\main\AndroidManifest.xml:25:25-66
category#android.intent.category.DEFAULT
ADDED from src\main\AndroidManifest.xml:26:17-76
	android:name
		ADDED from src\main\AndroidManifest.xml:26:27-73
intent-filter#action:name:android.intent.action.MAIN+category:name:android.intent.category.LAUNCHER
ADDED from src\main\AndroidManifest.xml:28:13-31:29
action#android.intent.action.MAIN
ADDED from src\main\AndroidManifest.xml:29:17-68
	android:name
		ADDED from src\main\AndroidManifest.xml:29:25-66
category#android.intent.category.LAUNCHER
ADDED from src\main\AndroidManifest.xml:30:17-76
	android:name
		ADDED from src\main\AndroidManifest.xml:30:27-74
meta-data#flutterEmbedding
ADDED from src\main\AndroidManifest.xml:35:9-37:33
	android:value
		ADDED from src\main\AndroidManifest.xml:37:13-30
	android:name
		ADDED from src\main\AndroidManifest.xml:36:13-44
meta-data#com.google.android.gms.ads.APPLICATION_ID
ADDED from src\main\AndroidManifest.xml:38:9-40:69
	android:value
		ADDED from src\main\AndroidManifest.xml:40:13-67
	android:name
		ADDED from src\main\AndroidManifest.xml:39:13-69
receiver#com.dexterous.flutterlocalnotifications.ScheduledNotificationBootReceiver
ADDED from src\main\AndroidManifest.xml:41:9-46:20
	android:name
		ADDED from src\main\AndroidManifest.xml:41:19-107
intent-filter#action:name:android.intent.action.BOOT_COMPLETED
ADDED from src\main\AndroidManifest.xml:42:13-45:29
action#android.intent.action.BOOT_COMPLETED
ADDED from src\main\AndroidManifest.xml:43:17-44:26
	android:name
		ADDED from src\main\AndroidManifest.xml:43:25-76
uses-sdk
INJECTED from src\main\AndroidManifest.xml reason: use-sdk injection requested
INJECTED from src\main\AndroidManifest.xml
INJECTED from src\main\AndroidManifest.xml
MERGED from [:flutter_pdfview] AndroidManifest.xml:5:5-44
MERGED from [:flutter_pdfview] AndroidManifest.xml:5:5-44
MERGED from [:file_picker] AndroidManifest.xml:5:5-44
MERGED from [:file_picker] AndroidManifest.xml:5:5-44
MERGED from [:flutter_plugin_android_lifecycle] AndroidManifest.xml:5:5-44
MERGED from [:flutter_plugin_android_lifecycle] AndroidManifest.xml:5:5-44
MERGED from [:cloud_firestore] AndroidManifest.xml:5:5-44
MERGED from [:cloud_firestore] AndroidManifest.xml:5:5-44
MERGED from [:flutter_local_notifications] AndroidManifest.xml:5:5-44
MERGED from [:flutter_local_notifications] AndroidManifest.xml:5:5-44
MERGED from [:google_sign_in] AndroidManifest.xml:5:5-44
MERGED from [:google_sign_in] AndroidManifest.xml:5:5-44
MERGED from [:firebase_auth] AndroidManifest.xml:5:5-44
MERGED from [:firebase_auth] AndroidManifest.xml:5:5-44
MERGED from [:firebase_database] AndroidManifest.xml:5:5-44
MERGED from [:firebase_database] AndroidManifest.xml:5:5-44
MERGED from [:firebase_storage] AndroidManifest.xml:5:5-44
MERGED from [:firebase_storage] AndroidManifest.xml:5:5-44
MERGED from [:cloud_firestore_web] AndroidManifest.xml:5:5-44
MERGED from [:cloud_firestore_web] AndroidManifest.xml:5:5-44
MERGED from [:firebase_admob] AndroidManifest.xml:5:5-44
MERGED from [:firebase_admob] AndroidManifest.xml:5:5-44
MERGED from [:firebase_core] AndroidManifest.xml:5:5-44
MERGED from [:firebase_core] AndroidManifest.xml:5:5-44
MERGED from [:firebase_core_web] AndroidManifest.xml:5:5-44
MERGED from [:firebase_core_web] AndroidManifest.xml:5:5-44
MERGED from [:firebase_auth_web] AndroidManifest.xml:5:5-44
MERGED from [:firebase_auth_web] AndroidManifest.xml:5:5-44
MERGED from [:shared_preferences] AndroidManifest.xml:5:5-44
MERGED from [:shared_preferences] AndroidManifest.xml:5:5-44
MERGED from [:firebase_messaging] AndroidManifest.xml:5:5-44
MERGED from [:firebase_messaging] AndroidManifest.xml:5:5-44
MERGED from [:webview_flutter] AndroidManifest.xml:5:5-44
MERGED from [:webview_flutter] AndroidManifest.xml:5:5-44
MERGED from [:url_launcher] AndroidManifest.xml:5:5-44
MERGED from [:url_launcher] AndroidManifest.xml:5:5-44
MERGED from [:url_launcher_macos] AndroidManifest.xml:5:5-44
MERGED from [:url_launcher_macos] AndroidManifest.xml:5:5-44
MERGED from [:shared_preferences_macos] AndroidManifest.xml:5:5-44
MERGED from [:shared_preferences_macos] AndroidManifest.xml:5:5-44
MERGED from [:shared_preferences_web] AndroidManifest.xml:5:5-44
MERGED from [:shared_preferences_web] AndroidManifest.xml:5:5-44
MERGED from [:url_launcher_web] AndroidManifest.xml:5:5-44
MERGED from [:url_launcher_web] AndroidManifest.xml:5:5-44
MERGED from [:fluttertoast] AndroidManifest.xml:5:5-44
MERGED from [:fluttertoast] AndroidManifest.xml:5:5-44
MERGED from [:google_sign_in_web] AndroidManifest.xml:5:5-44
MERGED from [:google_sign_in_web] AndroidManifest.xml:5:5-44
MERGED from [:path_provider] AndroidManifest.xml:5:5-44
MERGED from [:path_provider] AndroidManifest.xml:5:5-44
MERGED from [com.google.firebase:firebase-messaging:20.2.3] AndroidManifest.xml:20:5-44
MERGED from [com.google.firebase:firebase-messaging:20.2.3] AndroidManifest.xml:20:5-44
MERGED from [com.google.firebase:firebase-ads:18.1.1] AndroidManifest.xml:5:5-44
MERGED from [com.google.firebase:firebase-ads:18.1.1] AndroidManifest.xml:5:5-44
MERGED from [com.google.firebase:firebase-analytics:17.4.4] AndroidManifest.xml:5:5-44
MERGED from [com.google.firebase:firebase-analytics:17.4.4] AndroidManifest.xml:5:5-44
MERGED from [com.google.firebase:firebase-crashlytics:17.1.1] AndroidManifest.xml:6:5-8:41
MERGED from [com.google.firebase:firebase-crashlytics:17.1.1] AndroidManifest.xml:6:5-8:41
MERGED from [com.google.android.gms:play-services-ads:19.2.0] AndroidManifest.xml:21:5-23:52
MERGED from [com.google.android.gms:play-services-ads:19.2.0] AndroidManifest.xml:21:5-23:52
MERGED from [com.google.firebase:firebase-iid:20.2.3] AndroidManifest.xml:20:5-44
MERGED from [com.google.firebase:firebase-iid:20.2.3] AndroidManifest.xml:20:5-44
MERGED from [com.google.android.gms:play-services-measurement:17.4.4] AndroidManifest.xml:20:5-44
MERGED from [com.google.android.gms:play-services-measurement:17.4.4] AndroidManifest.xml:20:5-44
MERGED from [com.google.android.gms:play-services-measurement-api:17.4.4] AndroidManifest.xml:20:5-44
MERGED from [com.google.android.gms:play-services-measurement-api:17.4.4] AndroidManifest.xml:20:5-44
MERGED from [com.google.android.gms:play-services-measurement-sdk:17.4.4] AndroidManifest.xml:20:5-44
MERGED from [com.google.android.gms:play-services-measurement-sdk:17.4.4] AndroidManifest.xml:20:5-44
MERGED from [com.google.android.gms:play-services-measurement-impl:17.4.4] AndroidManifest.xml:20:5-44
MERGED from [com.google.android.gms:play-services-measurement-impl:17.4.4] AndroidManifest.xml:20:5-44
MERGED from [com.google.android.gms:play-services-stats:17.0.0] AndroidManifest.xml:5:5-44
MERGED from [com.google.android.gms:play-services-stats:17.0.0] AndroidManifest.xml:5:5-44
MERGED from [com.google.firebase:firebase-datatransport:17.0.3] AndroidManifest.xml:19:5-21:41
MERGED from [com.google.firebase:firebase-datatransport:17.0.3] AndroidManifest.xml:19:5-21:41
MERGED from [com.google.firebase:firebase-installations:16.3.2] AndroidManifest.xml:6:5-8:41
MERGED from [com.google.firebase:firebase-installations:16.3.2] AndroidManifest.xml:6:5-8:41
MERGED from [com.google.firebase:firebase-firestore:21.3.0] AndroidManifest.xml:7:5-9:41
MERGED from [com.google.firebase:firebase-firestore:21.3.0] AndroidManifest.xml:7:5-9:41
MERGED from [com.google.firebase:firebase-auth:19.2.0] AndroidManifest.xml:21:5-44
MERGED from [com.google.firebase:firebase-auth:19.2.0] AndroidManifest.xml:21:5-44
MERGED from [com.google.firebase:firebase-database:17.0.0] AndroidManifest.xml:19:5-21:41
MERGED from [com.google.firebase:firebase-database:17.0.0] AndroidManifest.xml:19:5-21:41
MERGED from [com.google.firebase:firebase-storage:17.0.0] AndroidManifest.xml:20:5-22:41
MERGED from [com.google.firebase:firebase-storage:17.0.0] AndroidManifest.xml:20:5-22:41
MERGED from [com.google.firebase:firebase-auth-interop:19.0.0] AndroidManifest.xml:5:5-44
MERGED from [com.google.firebase:firebase-auth-interop:19.0.0] AndroidManifest.xml:5:5-44
MERGED from [com.google.firebase:firebase-common:19.3.0] AndroidManifest.xml:20:5-22:41
MERGED from [com.google.firebase:firebase-common:19.3.0] AndroidManifest.xml:20:5-22:41
MERGED from [com.google.firebase:firebase-installations-interop:16.0.0] AndroidManifest.xml:19:5-21:41
MERGED from [com.google.firebase:firebase-installations-interop:16.0.0] AndroidManifest.xml:19:5-21:41
MERGED from [com.google.android.gms:play-services-gass:19.2.0] AndroidManifest.xml:5:5-44
MERGED from [com.google.android.gms:play-services-gass:19.2.0] AndroidManifest.xml:5:5-44
MERGED from [com.google.android.gms:play-services-auth:16.0.1] AndroidManifest.xml:20:5-44
MERGED from [com.google.android.gms:play-services-auth:16.0.1] AndroidManifest.xml:20:5-44
MERGED from [com.google.android.gms:play-services-auth-api-phone:16.0.0] AndroidManifest.xml:5:5-44
MERGED from [com.google.android.gms:play-services-auth-api-phone:16.0.0] AndroidManifest.xml:5:5-44
MERGED from [com.google.android.gms:play-services-auth-base:16.0.0] AndroidManifest.xml:5:5-44
MERGED from [com.google.android.gms:play-services-auth-base:16.0.0] AndroidManifest.xml:5:5-44
MERGED from [com.google.firebase:firebase-iid-interop:17.0.0] AndroidManifest.xml:5:5-44
MERGED from [com.google.firebase:firebase-iid-interop:17.0.0] AndroidManifest.xml:5:5-44
MERGED from [com.google.android.gms:play-services-base:17.1.0] AndroidManifest.xml:20:5-44